<?xml version="1.0" encoding="UTF-8"?>
<!-- Generated by org.testng.reporters.JUnitReportReporter -->
<testsuite hostname="DESKTOP-AOPBSEG" failures="0" tests="1" name="cucumberOptions.TestNgTestRunner" time="11.295" errors="0" timestamp="2022-08-31T18:51:03 IST" skipped="0">
  <testcase classname="cucumberOptions.TestNgTestRunner" name="runScenario" time="11.295"/>
  <system-out/>
</testsuite> <!-- cucumberOptions.TestNgTestRunner -->
