<?xml version="1.0" encoding="UTF-8"?>
<!-- Generated by org.testng.reporters.JUnitReportReporter -->
<testsuite hostname="DESKTOP-AOPBSEG" failures="0" tests="1" name="cucumberOptions.TestNgTestRunner" time="34.755" errors="0" timestamp="2022-09-02T12:00:28 IST" skipped="0">
  <testcase classname="cucumberOptions.TestNgTestRunner" name="runScenario" time="34.755"/>
  <system-out/>
</testsuite> <!-- cucumberOptions.TestNgTestRunner -->
